<?xml version="1.0" encoding="UTF-8"?>
<!-- Generated by org.testng.reporters.JUnitXMLReporter -->
<testsuite ignored="0" hostname="RAHUL" failures="0" tests="3" name="Default test" time="0.076" errors="0" timestamp="2024-09-23T17:11:46 IST">
  <testcase classname="javaLanguage.BoxingAndUnBoxing" name="boxing" time="0.016"/>
  <testcase classname="javaLanguage.BoxingAndUnBoxing" name="unBoxingManual" time="0.002"/>
  <testcase classname="javaLanguage.BoxingAndUnBoxing" name="autoUnboxing" time="0.001"/>
</testsuite> <!-- Default test -->
