<?xml version="1.0" encoding="UTF-8"?>
<!-- Generated by org.testng.reporters.JUnitXMLReporter -->
<testsuite ignored="7" hostname="RAHUL" failures="0" tests="3" name="test" time="0.048" errors="0" timestamp="2024-07-30T01:55:44 IST">
  <testcase classname="testNG.GroupsClass1" name="method10" time="0.007"/>
  <testcase classname="testNG.GroupsClass2" name="method7" time="0.002"/>
  <testcase classname="testNG.GroupsClass2" name="method9" time="0.0"/>
  <testcase classname="testNG.GroupsClass1" name="method1" time="0.0">
    <ignored/>
  </testcase> <!-- method1 -->
  <testcase classname="testNG.GroupsClass1" name="method2" time="0.0">
    <ignored/>
  </testcase> <!-- method2 -->
  <testcase classname="testNG.GroupsClass1" name="method3" time="0.0">
    <ignored/>
  </testcase> <!-- method3 -->
  <testcase classname="testNG.GroupsClass2" name="method8" time="0.0">
    <ignored/>
  </testcase> <!-- method8 -->
  <testcase classname="testNG.GroupsClass1" name="method4" time="0.0">
    <ignored/>
  </testcase> <!-- method4 -->
  <testcase classname="testNG.GroupsClass2" name="method5" time="0.0">
    <ignored/>
  </testcase> <!-- method5 -->
  <testcase classname="testNG.GroupsClass2" name="method6" time="0.0">
    <ignored/>
  </testcase> <!-- method6 -->
</testsuite> <!-- test -->
