<?xml version="1.0" encoding="UTF-8"?>
<!-- Generated by org.testng.reporters.JUnitXMLReporter -->
<testsuite ignored="0" hostname="RAHUL" failures="2" tests="5" name="test3" time="1.037" errors="0" timestamp="2024-08-24T08:49:55 IST">
  <testcase classname="testNG3.TestMethodsForListeners" name="testMethod2" time="0.002">
    <failure type="java.lang.AssertionError" message="expected [true] but found [false]">
      <![CDATA[java.lang.AssertionError: expected [true] but found [false]
at testNG3.TestMethodsForListeners.testMethod2(TestMethodsForListeners.java:19)
at java.base/java.util.ArrayList.forEach(ArrayList.java:1596)
... Removed 29 stack frames]]>
    </failure>
  </testcase> <!-- testMethod2 -->
  <testcase classname="testNG3.TestMethodsForListeners" name="testMethod1" time="0.001"/>
  <testcase classname="testNG3.TestMethodsForListeners" name="testMethod10" time="1.01">
    <failure type="org.testng.internal.thread.ThreadTimeoutException" message="Method testNG3.TestMethodsForListeners.testMethod10() didn&amp;apos;t finish within the time-out 1000">
      <![CDATA[org.testng.internal.thread.ThreadTimeoutException: Method testNG3.TestMethodsForListeners.testMethod10() didn't finish within the time-out 1000
at java.base/java.lang.Thread.sleep0(Native Method)
at java.base/java.lang.Thread.sleep(Thread.java:509)
at testNG3.TestMethodsForListeners.testMethod10(TestMethodsForListeners.java:37)
at java.base/java.util.concurrent.FutureTask.run(FutureTask.java:317)
at java.base/java.util.concurrent.ThreadPoolExecutor.runWorker(ThreadPoolExecutor.java:1144)
at java.base/java.util.concurrent.ThreadPoolExecutor$Worker.run(ThreadPoolExecutor.java:642)
at java.base/java.lang.Thread.run(Thread.java:1583)
... Removed 6 stack frames]]>
    </failure>
  </testcase> <!-- testMethod10 -->
  <testcase classname="testNG3.TestMethodsForListeners" name="testMethod4" time="0.002"/>
  <testcase classname="testNG3.TestMethodsForListeners" name="testMethod3" time="0.0">
    <skipped/>
  </testcase> <!-- testMethod3 -->
</testsuite> <!-- test3 -->
