<?xml version="1.0" encoding="UTF-8"?>
<!-- Generated by org.testng.reporters.JUnitXMLReporter -->
<testsuite ignored="0" hostname="RAHUL" failures="0" tests="5" name="test1" time="0.109" errors="0" timestamp="2024-08-24T08:53:14 IST">
  <testcase classname="testNG3.OnTestFailureWithSuccesPercentageClass" name="sampleTest3" time="0.023"/>
  <testcase classname="testNG3.OnTestFailureWithSuccesPercentageClass" name="sampleTest3" time="0.002"/>
  <testcase classname="testNG3.OnTestFailureWithSuccesPercentageClass" name="sampleTest3" time="0.002"/>
  <testcase classname="testNG3.OnTestFailureWithSuccesPercentageClass" name="sampleTest3" time="0.002"/>
  <testcase classname="testNG3.OnTestFailureWithSuccesPercentageClass" name="sampleTest3" time="0.003"/>
</testsuite> <!-- test1 -->
