<?xml version="1.0" encoding="UTF-8"?>
<!-- Generated by org.testng.reporters.JUnitXMLReporter -->
<testsuite ignored="1" hostname="RAHUL" failures="1" tests="3" name="Default test(failed)(failed)" time="0.087" errors="0" timestamp="2024-09-11T15:28:11 IST">
  <testcase classname="seleniumProject.TestClass" name="m3" time="0.017"/>
  <testcase classname="seleniumProject.TestClass" name="m2" time="0.002"/>
  <testcase classname="seleniumProject.TestClass" name="m1" time="0.009">
    <failure type="java.lang.AssertionError" message="expected [true] but found [false]">
      <![CDATA[java.lang.AssertionError: expected [true] but found [false]
at seleniumProject.TestClass.m1(TestClass.java:11)
at java.base/java.util.ArrayList.forEach(ArrayList.java:1596)
... Removed 29 stack frames]]>
    </failure>
  </testcase> <!-- m1 -->
  <testcase classname="seleniumProject.TestClass" name="m4" time="0.0">
    <ignored/>
  </testcase> <!-- m4 -->
</testsuite> <!-- Default test(failed)(failed) -->
