<?xml version="1.0" encoding="UTF-8"?>
<!-- Generated by org.testng.reporters.JUnitXMLReporter -->
<testsuite ignored="4" hostname="RAHUL" failures="0" tests="2" name="test2" time="0.016" errors="0" timestamp="2024-07-30T14:41:37 IST">
  <testcase classname="testNG.TestNgAnotionsOrderOfExecution" name="method3" time="0.003"/>
  <testcase classname="testNG.TestNgAnotionsOrderOfExecution" name="method4" time="0.002"/>
  <testcase classname="testNG.TestNgAnotionsOrderOfExecution" name="method1" time="0.0">
    <ignored/>
  </testcase> <!-- method1 -->
  <testcase classname="testNG.TestNgAnotionsOrderOfExecution" name="method6" time="0.0">
    <ignored/>
  </testcase> <!-- method6 -->
  <testcase classname="testNG.TestNgAnotionsOrderOfExecution" name="method2" time="0.0">
    <ignored/>
  </testcase> <!-- method2 -->
  <testcase classname="testNG.TestNgAnotionsOrderOfExecution" name="method5" time="0.0">
    <ignored/>
  </testcase> <!-- method5 -->
</testsuite> <!-- test2 -->
