<?xml version="1.0" encoding="UTF-8"?>
<!-- Generated by org.testng.reporters.JUnitXMLReporter -->
<testsuite ignored="4" hostname="RAHUL" failures="0" tests="2" name="test3" time="0.017" errors="0" timestamp="2024-07-30T14:41:37 IST">
  <testcase classname="testNG.TestNgAnotionsOrderOfExecution" name="method5" time="0.007"/>
  <testcase classname="testNG.TestNgAnotionsOrderOfExecution" name="method6" time="0.001"/>
  <testcase classname="testNG.TestNgAnotionsOrderOfExecution" name="method2" time="0.0">
    <ignored/>
  </testcase> <!-- method2 -->
  <testcase classname="testNG.TestNgAnotionsOrderOfExecution" name="method4" time="0.0">
    <ignored/>
  </testcase> <!-- method4 -->
  <testcase classname="testNG.TestNgAnotionsOrderOfExecution" name="method1" time="0.0">
    <ignored/>
  </testcase> <!-- method1 -->
  <testcase classname="testNG.TestNgAnotionsOrderOfExecution" name="method3" time="0.0">
    <ignored/>
  </testcase> <!-- method3 -->
</testsuite> <!-- test3 -->
