<?xml version="1.0" encoding="UTF-8"?>
<testng-results ignored="0" total="3" passed="3" failed="0" skipped="0">
  <reporter-output>
  </reporter-output>
  <suite started-at="2024-09-23T17:11:46 IST" name="Default suite" finished-at="2024-09-23T17:11:46 IST" duration-ms="76">
    <groups>
    </groups>
    <test started-at="2024-09-23T17:11:46 IST" name="Default test" finished-at="2024-09-23T17:11:46 IST" duration-ms="76">
      <class name="javaLanguage.BoxingAndUnBoxing">
        <test-method signature="boxing()[pri:1, instance:javaLanguage.BoxingAndUnBoxing@6253c26]" started-at="2024-09-23T17:11:46 IST" name="boxing" finished-at="2024-09-23T17:11:46 IST" duration-ms="16" status="PASS">
          <reporter-output>
          </reporter-output>
        </test-method> <!-- boxing -->
        <test-method signature="unBoxingManual()[pri:2, instance:javaLanguage.BoxingAndUnBoxing@6253c26]" started-at="2024-09-23T17:11:46 IST" name="unBoxingManual" finished-at="2024-09-23T17:11:46 IST" duration-ms="2" status="PASS">
          <reporter-output>
          </reporter-output>
        </test-method> <!-- unBoxingManual -->
        <test-method signature="autoUnboxing()[pri:3, instance:javaLanguage.BoxingAndUnBoxing@6253c26]" started-at="2024-09-23T17:11:46 IST" name="autoUnboxing" finished-at="2024-09-23T17:11:46 IST" duration-ms="1" status="PASS">
          <reporter-output>
          </reporter-output>
        </test-method> <!-- autoUnboxing -->
      </class> <!-- javaLanguage.BoxingAndUnBoxing -->
    </test> <!-- Default test -->
  </suite> <!-- Default suite -->
</testng-results>
