<?xml version="1.0" encoding="UTF-8"?>
<testng-results ignored="0" total="1" passed="1" failed="0" skipped="0">
  <reporter-output>
  </reporter-output>
  <suite started-at="2024-09-15T15:01:32 IST" name="Default suite" finished-at="2024-09-15T15:01:36 IST" duration-ms="3971">
    <groups>
    </groups>
    <test started-at="2024-09-15T15:01:32 IST" name="Default test" finished-at="2024-09-15T15:01:36 IST" duration-ms="3971">
      <class name="seleniumProject.Assertionss">
        <test-method signature="m1()[pri:0, instance:seleniumProject.Assertionss@7d0b7e3c]" started-at="2024-09-15T15:01:32 IST" name="m1" finished-at="2024-09-15T15:01:36 IST" duration-ms="3928" status="PASS">
          <reporter-output>
          </reporter-output>
        </test-method> <!-- m1 -->
      </class> <!-- seleniumProject.Assertionss -->
    </test> <!-- Default test -->
  </suite> <!-- Default suite -->
</testng-results>
